対象: 55種 先頭3: ['マダイ', 'アジ', 'クロダイ'] workers=4 extra=[]
[1/55] クロダイ OK (101s)
[2/55] タイ五目 OK (417s)
[3/55] ヒラメ OK (528s)
[4/55] マルイカ OK (272s)
[5/55] マダイ OK (913s)
[6/55] タチウオ OK (584s)
[7/55] アマダイ OK (216s)
[8/55] カワハギ OK (426s)
[9/55] マダコ OK (138s)
[10/55] ワラサ OK (24s)
[11/55] イサキ OK (72s)
[12/55] フグ OK (157s)
[13/55] ヤリイカ OK (121s)
[14/55] シロギス OK (315s)
[15/55] アオリイカ OK (56s)
[16/55] サワラ OK (45s)
[17/55] キハダマグロ OK (36s)
[18/55] マハタ OK (28s)
[19/55] イナダ OK (16s)
[20/55] アジ OK (1532s)
[21/55] カツオ OK (39s)
[22/55] スルメイカ OK (137s)
[23/55] シーバス OK (59s)
[24/55] ハタ OK (13s)
[25/55] ムギイカ OK (37s)
[26/55] シマアジ OK (15s)
[27/55] アカムツ OK (48s)
[28/55] カサゴ OK (139s)
[29/55] キンメダイ OK (115s)
[30/55] シイラ OK (31s)
[31/55] カンパチ OK (41s)
[32/55] トラフグ OK (37s)
[33/55] カマス OK (1s)
[34/55] スジイカ OK (15s)
[35/55] ショウサイフグ OK (33s)
[36/55] ビシアジ OK (40s)
[37/55] ヒラマサ OK (1s)
[38/55] アカメフグ OK (36s)
[39/55] コハダ OK (1s)
[40/55] メバル OK (11s)
[41/55] マゴチ OK (29s)
[42/55] ブリ OK (1s)
[43/55] クロムツ OK (25s)
[44/55] スミイカ OK (14s)
[45/55] キメジ OK (1s)
[46/55] メダイ OK (12s)
[47/55] シロアマダイ OK (23s)
[48/55] カレイ OK (17s)
[49/55] オニカサゴ OK (25s)
[50/55] アラ OK (14s)
[51/55] メヌケ OK (15s)
[52/55] モロコ OK (0s)
[53/55] ホウボウ OK (1s)
[54/55] イシダイ OK (15s)
[55/55] モンゴウイカ OK (18s)

[完了] 55/55 OK  NG=[]  所要時間 29m29s
