[1/55] アオリイカ
  OK (11.4s)
[2/55] アカムツ
  OK (4.2s)
[3/55] アカメフグ
  OK (2.7s)
[4/55] アジ
  OK (95.4s)
[5/55] アマダイ
  OK (24.1s)
[6/55] アラ
  OK (0.4s)
[7/55] イサキ
  OK (12.7s)
[8/55] イシダイ
  OK (0.4s)
[9/55] イナダ
  OK (3.6s)
[10/55] オニカサゴ
  OK (1.2s)
[11/55] カサゴ
  OK (5.0s)
[12/55] カツオ
  OK (5.0s)
[13/55] カマス
  OK (1.2s)
[14/55] カレイ
  OK (1.6s)
[15/55] カワハギ
  OK (28.5s)
[16/55] カンパチ
  OK (4.0s)
[17/55] キハダマグロ
  OK (6.8s)
[18/55] キメジ
  OK (0.4s)
[19/55] キンメダイ
  OK (6.6s)
[20/55] クロダイ
  OK (36.9s)
[21/55] クロムツ
  OK (2.0s)
[22/55] コハダ
  OK (0.4s)
[23/55] サワラ
  OK (7.6s)
[24/55] シイラ
  OK (3.8s)
[25/55] シマアジ
  OK (1.7s)
[26/55] ショウサイフグ
  OK (3.9s)
[27/55] シロアマダイ
  OK (1.2s)
[28/55] シロギス
  OK (22.2s)
[29/55] シーバス
  OK (6.2s)
[30/55] スジイカ
  OK (3.1s)
[31/55] スミイカ
  OK (1.7s)
[32/55] スルメイカ
  OK (12.9s)
[33/55] タイ五目
  OK (19.4s)
[34/55] タチウオ
  OK (49.0s)
[35/55] トラフグ
  OK (4.4s)
[36/55] ハタ
  OK (0.4s)
[37/55] ヒラマサ
  OK (0.4s)
[38/55] ヒラメ
  OK (43.5s)
[39/55] ビシアジ
  OK (5.3s)
[40/55] フグ
  OK (20.9s)
[41/55] ブリ
  OK (0.4s)
[42/55] ホウボウ
  OK (0.4s)
[43/55] マゴチ
  OK (2.2s)
[44/55] マダイ
  OK (83.2s)
[45/55] マダコ
  OK (20.3s)
[46/55] マハタ
  OK (6.6s)
[47/55] マルイカ
  OK (28.3s)
[48/55] ムギイカ
  OK (4.5s)
[49/55] メダイ
  OK (1.3s)
[50/55] メヌケ
  OK (1.7s)
[51/55] メバル
  OK (2.4s)
[52/55] モンゴウイカ
  OK (0.4s)
[53/55] ヤリイカ
  OK (13.9s)
[54/55] ワラサ
  OK (6.5s)
[55/55] 沖メバル
  OK (0.4s)
