=== START: 2026-05-08 17:26:28 JST ===
対象: 55種 先頭3: ['マダイ', 'アジ', 'クロダイ'] workers=4 extra=['--reset-best']
[1/55] クロダイ OK (73s)
[2/55] ヒラメ OK (454s)
[3/55] タイ五目 OK (381s)
[4/55] マルイカ OK (560s)
[5/55] マダイ OK (1368s)
[6/55] タチウオ OK (1438s)
[7/55] アマダイ OK (621s)
[8/55] カワハギ OK (1260s)
[9/55] マダコ OK (393s)
[10/55] ワラサ OK (72s)
[11/55] イサキ OK (209s)
[12/55] フグ OK (464s)
[13/55] ヤリイカ OK (365s)
[14/55] シロギス OK (914s)
[15/55] アオリイカ OK (178s)
[16/55] サワラ OK (133s)
[17/55] マハタ OK (81s)
[18/55] キハダマグロ OK (105s)
[19/55] アジ OK (3093s)
[20/55] イナダ OK (752s)
[21/55] カツオ OK (4468s)
[22/55] シーバス OK (3771s)
[23/55] ハタ OK (17s)
[24/55] スルメイカ OK (4721s)
[25/55] ムギイカ OK (46s)
[26/55] シマアジ OK (20s)
[27/55] アカムツ OK (61s)
[28/55] カサゴ OK (4603s)
[29/55] キンメダイ OK (141s)
[30/55] シイラ OK (37s)
[31/55] カンパチ OK (56s)
[32/55] トラフグ OK (46s)
[33/55] カマス OK (1s)
[34/55] ビシアジ OK (53s)
[35/55] スジイカ OK (20s)
[36/55] ショウサイフグ OK (40s)
[37/55] ヒラマサ OK (1s)
[38/55] アカメフグ OK (42s)
[39/55] コハダ OK (1s)
[40/55] メバル OK (15s)
[41/55] マゴチ OK (36s)
[42/55] ブリ OK (1s)
[43/55] クロムツ OK (32s)
[44/55] スミイカ OK (18s)
[45/55] キメジ OK (1s)
[46/55] シロアマダイ OK (30s)
[47/55] メダイ OK (16s)
[48/55] カレイ OK (22s)
[49/55] オニカサゴ OK (32s)
[50/55] メヌケ OK (20s)
[51/55] モロコ OK (1s)
[52/55] ホウボウ OK (1s)
[53/55] アラ OK (20s)
[54/55] イシダイ OK (20s)
[55/55] モンゴウイカ OK (24s)

[完了] 55/55 OK  NG=[]  所要時間 130m43s
[38/55] アカメフグ OK (41s)
[39/55] コハダ OK (1s)
[40/55] メバル OK (14s)
[41/55] マゴチ OK (34s)
[42/55] ブリ OK (1s)
[43/55] クロムツ OK (29s)
[44/55] スミイカ OK (16s)
[45/55] キメジ OK (1s)
[46/55] メダイ OK (14s)
[47/55] シロアマダイ OK (25s)
[48/55] カレイ OK (19s)
[49/55] オニカサゴ OK (27s)
[50/55] メヌケ OK (18s)
[51/55] モロコ OK (1s)
[52/55] ホウボウ OK (1s)
[53/55] アラ OK (17s)
[54/55] イシダイ OK (17s)
[55/55] モンゴウイカ OK (22s)

[完了] 55/55 OK  NG=[]  所要時間 130m52s
