対象: 55種 先頭3: ['マダイ', 'アジ', 'クロダイ'] workers=4 extra=['--reset-best']
[1/55] クロダイ OK (77s)
[2/55] タイ五目 OK (285s)
[3/55] ヒラメ OK (375s)
[4/55] マルイカ OK (291s)
[5/55] マダイ OK (786s)
[6/55] タチウオ OK (633s)
[7/55] アマダイ OK (244s)
[8/55] マダコ OK (154s)
[9/55] カワハギ OK (489s)
[10/55] ワラサ OK (29s)
[11/55] イサキ OK (81s)
[12/55] フグ OK (177s)
[13/55] ヤリイカ OK (142s)
[14/55] シロギス OK (353s)
[15/55] アオリイカ OK (69s)
[16/55] サワラ OK (52s)
[17/55] アジ OK (1442s)
[18/55] イナダ OK (18s)
[19/55] マハタ OK (32s)
[20/55] キハダマグロ OK (40s)
[21/55] カツオ OK (41s)
[22/55] シーバス OK (49s)
[23/55] ハタ OK (10s)
[24/55] スルメイカ OK (143s)
[25/55] ムギイカ OK (27s)
[26/55] アカムツ OK (34s)
[27/55] シマアジ OK (11s)
[28/55] カサゴ OK (110s)
[29/55] キンメダイ OK (77s)
[30/55] シイラ OK (22s)
[31/55] カンパチ OK (33s)
[32/55] トラフグ OK (27s)
[33/55] カマス OK (0s)
[34/55] ショウサイフグ OK (25s)
[35/55] スジイカ OK (12s)
[36/55] ビシアジ OK (30s)
[37/55] ヒラマサ OK (1s)
[38/55] アカメフグ OK (25s)
[39/55] コハダ OK (1s)
[40/55] メバル OK (9s)
[41/55] マゴチ OK (21s)
[42/55] クロムツ OK (19s)
[43/55] ブリ OK (1s)
[44/55] スミイカ OK (11s)
[45/55] キメジ OK (0s)
[46/55] シロアマダイ OK (17s)
[47/55] メダイ OK (10s)
[48/55] カレイ OK (13s)
[49/55] オニカサゴ OK (19s)
[50/55] メヌケ OK (12s)
[51/55] モロコ OK (1s)
[52/55] アラ OK (12s)
[53/55] ホウボウ OK (1s)
[54/55] モンゴウイカ OK (14s)
[55/55] イシダイ OK (11s)

[完了] 55/55 OK  NG=[]  所要時間 27m38s
