対象: 59種 先頭3: ['マダイ', 'アジ', 'クロダイ'] workers=4 extra=['--reset-best']
[1/59] クロダイ OK (128s)
[2/59] タイ五目 OK (478s)
[3/59] ヒラメ OK (654s)
[4/59] マルイカ OK (630s)
[5/59] マダイ OK (1631s)
[6/59] タチウオ OK (1709s)
[7/59] アマダイ OK (760s)
[8/59] カワハギ OK (1424s)
[9/59] マダコ OK (402s)
[10/59] ワラサ OK (79s)
[11/59] イサキ OK (253s)
[12/59] フグ OK (444s)
[13/59] シロギス OK (888s)
[14/59] ヤリイカ OK (313s)
[15/59] アオリイカ OK (137s)
[16/59] サワラ OK (92s)
[17/59] マハタ OK (43s)
[18/59] アジ OK (3423s)
[19/59] キハダマグロ OK (55s)
[20/59] イナダ OK (26s)
[21/59] スルメイカ OK (203s)
[22/59] カツオ OK (83s)
[23/59] ハタ OK (17s)
[24/59] シーバス OK (92s)
[25/59] ムギイカ OK (52s)
[26/59] シマアジ OK (22s)
[27/59] アカムツ OK (68s)
[28/59] シイラ OK (35s)
[29/59] キンメダイ OK (151s)
[30/59] カサゴ OK (219s)
[31/59] カンパチ OK (73s)
[32/59] トラフグ OK (54s)
[33/59] カマス OK (1s)
[34/59] ショウサイフグ OK (51s)
[35/59] ビシアジ OK (65s)
[36/59] スジイカ OK (24s)
[37/59] ヒラマサ OK (1s)
[38/59] アカメフグ OK (57s)
[39/59] コハダ OK (1s)
[40/59] メバル OK (19s)
[41/59] マゴチ OK (57s)
[42/59] ブリ OK (1s)
[43/59] スミイカ OK (24s)
[44/59] シロアマダイ OK (19s)
[45/59] キメジ OK (1s)
[46/59] クロムツ OK (65s)
[47/59] メダイ OK (18s)
[48/59] カレイ OK (27s)
[49/59] メヌケ OK (24s)
[50/59] オニカサゴ OK (43s)
[51/59] モロコ OK (1s)
[52/59] ホウボウ OK (1s)
[53/59] アラ OK (26s)
[54/59] モンゴウイカ OK (32s)
[55/59] イシダイ OK (26s)
[56/59] キントキ OK (29s)
[57/59] アナゴ OK (24s)
[58/59] ハナダイ OK (58s)
[59/59] イシモチ OK (100s)

[完了] 59/59 OK  NG=[]  所要時間 64m56s
